2026-07-08T17:27:37Z INF Thank you for trying Cloudflare Tunnel. Doing so, without a Cloudflare account, is a quick way to experiment and try it out. However, be aware that these account-less Tunnels have no uptime guarantee, are subject to the Cloudflare Online Services Terms of Use (https://www.cloudflare.com/website-terms/), and Cloudflare reserves the right to investigate your use of Tunnels for violations of such terms. If you intend to use Tunnels in production you should use a pre-created named tunnel by following: https://developers.cloudflare.com/cloudflare-one/connections/connect-apps
2026-07-08T17:27:37Z INF Requesting new quick Tunnel on trycloudflare.com...
2026-07-08T17:27:40Z INF +--------------------------------------------------------------------------------------------+
2026-07-08T17:27:40Z INF |  Your quick Tunnel has been created! Visit it at (it may take some time to be reachable):  |
2026-07-08T17:27:40Z INF |  https://effective-merchants-points-inserted.trycloudflare.com                             |
2026-07-08T17:27:40Z INF +--------------------------------------------------------------------------------------------+
2026-07-08T17:27:40Z INF Cannot determine default configuration path. No file [config.yml config.yaml] in [~/.cloudflared ~/.cloudflare-warp ~/cloudflare-warp /etc/cloudflared /usr/local/etc/cloudflared]
2026-07-08T17:27:40Z INF Version 2026.7.0 (Checksum 6aa3f3d66ceed516674653c79ab4b4f6872789e20b338e5cade9f3125a54e038)
2026-07-08T17:27:40Z INF GOOS: darwin, GOVersion: go1.26.5, GoArch: arm64
2026-07-08T17:27:40Z INF Settings: map[ha-connections:1 protocol:quic url:http://localhost:5001]
2026-07-08T17:27:40Z INF cloudflared will not automatically update if installed by a package manager.
2026-07-08T17:27:40Z INF Generated Connector ID: d7d06983-860d-4312-acea-0fd31504323f
2026-07-08T17:27:40Z INF Initial protocol quic
2026-07-08T17:27:40Z INF ICMP proxy will use 192.168.0.49 as source for IPv4
2026-07-08T17:27:40Z INF ICMP proxy will use fe80::1c25:2644:c558:c0c5 in zone en1 as source for IPv6
2026-07-08T17:27:40Z INF Created ICMP proxy listening on 192.168.0.49:0
2026-07-08T17:27:40Z INF ICMP proxy will use 192.168.0.49 as source for IPv4
2026-07-08T17:27:40Z INF ICMP proxy will use fe80::1c25:2644:c558:c0c5 in zone en1 as source for IPv6
2026-07-08T17:27:40Z INF Starting metrics server on 127.0.0.1:20241/metrics
2026-07-08T17:27:40Z INF Tunnel connection curve preferences: [X25519MLKEM768 CurveID(65074) CurveP256] connIndex=0 event=0 ip=198.41.200.113
2026-07-08T17:27:40Z INF Registered tunnel connection connIndex=0 connection=192e2781-7d92-45ba-9a68-d8fea103f513 event=0 ip=198.41.200.113 location=sea09 protocol=quic
2026-07-08T17:27:46Z INF +-------------------------------------------------------------------------------------+
2026-07-08T17:27:46Z INF |                               CONNECTIVITY PRE-CHECKS                               |
2026-07-08T17:27:46Z INF +-------------------------------------------------------------------------------------+
2026-07-08T17:27:46Z INF |  COMPONENT         TARGET                     STATUS  DETAILS                       |
2026-07-08T17:27:46Z INF |  DNS Resolution    region1.v2.argotunnel.com  PASS    DNS Resolved successfully     |
2026-07-08T17:27:46Z INF |  DNS Resolution    region2.v2.argotunnel.com  PASS    DNS Resolved successfully     |
2026-07-08T17:27:46Z INF |  UDP Connectivity  region1.v2.argotunnel.com  PASS    QUIC connection successful    |
2026-07-08T17:27:46Z INF |  UDP Connectivity  region2.v2.argotunnel.com  PASS    QUIC connection successful    |
2026-07-08T17:27:46Z INF |  TCP Connectivity  region1.v2.argotunnel.com  PASS    HTTP/2 connection successful  |
2026-07-08T17:27:46Z INF |  TCP Connectivity  region2.v2.argotunnel.com  PASS    HTTP/2 connection successful  |
2026-07-08T17:27:46Z INF |  Cloudflare API    api.cloudflare.com:443     PASS    API is reachable              |
2026-07-08T17:27:46Z INF |                                                                                     |
2026-07-08T17:27:46Z INF |  SUMMARY: Environment is healthy. cloudflared will use 'quic' as primary protocol.  |
2026-07-08T17:27:46Z INF +-------------------------------------------------------------------------------------+
2026-07-08T17:27:46Z INF precheck component="DNS Resolution" details="DNS Resolved successfully" run_id=6564b577-940f-4386-a918-b7219cadfd28 status=pass target=region1.v2.argotunnel.com
2026-07-08T17:27:46Z INF precheck component="DNS Resolution" details="DNS Resolved successfully" run_id=6564b577-940f-4386-a918-b7219cadfd28 status=pass target=region2.v2.argotunnel.com
2026-07-08T17:27:46Z INF precheck component="UDP Connectivity" details="QUIC connection successful" run_id=6564b577-940f-4386-a918-b7219cadfd28 status=pass target=region1.v2.argotunnel.com
2026-07-08T17:27:46Z INF precheck component="UDP Connectivity" details="QUIC connection successful" run_id=6564b577-940f-4386-a918-b7219cadfd28 status=pass target=region2.v2.argotunnel.com
2026-07-08T17:27:46Z INF precheck component="TCP Connectivity" details="HTTP/2 connection successful" run_id=6564b577-940f-4386-a918-b7219cadfd28 status=pass target=region1.v2.argotunnel.com
2026-07-08T17:27:46Z INF precheck component="TCP Connectivity" details="HTTP/2 connection successful" run_id=6564b577-940f-4386-a918-b7219cadfd28 status=pass target=region2.v2.argotunnel.com
2026-07-08T17:27:46Z INF precheck component="Cloudflare API" details="API is reachable" run_id=6564b577-940f-4386-a918-b7219cadfd28 status=pass target=api.cloudflare.com:443
2026-07-08T17:27:46Z INF precheck complete hard_fail=false run_id=6564b577-940f-4386-a918-b7219cadfd28 suggested_protocol=quic
2026-07-09T17:27:41Z WRN Your version 2026.7.0 is outdated. We recommend upgrading it to 2026.7.1
2026-07-10T03:02:36Z INF Initiating graceful shutdown due to signal terminated ...
2026-07-10T03:02:36Z ERR failed to run the datagram handler error="Application error 0x0 (remote)" connIndex=0 event=0 ip=198.41.200.113
2026-07-10T03:02:36Z ERR failed to serve tunnel connection error="accept stream listener encountered a failure while serving" connIndex=0 event=0 ip=198.41.200.113
2026-07-10T03:02:36Z ERR Serve tunnel error error="accept stream listener encountered a failure while serving" connIndex=0 event=0 ip=198.41.200.113
2026-07-10T03:02:36Z INF Retrying connection in up to 1s connIndex=0 event=0 ip=198.41.200.113
2026-07-10T03:02:36Z ERR Connection terminated connIndex=0
2026-07-10T03:02:36Z ERR no more connections active and exiting
2026-07-10T03:02:36Z INF Tunnel server stopped
2026-07-10T03:02:36Z INF Metrics server stopped
